<?xml version="1.0" encoding="UTF-8"?>
<testsuite name="com.shayanne.feature.ExampleUnitTest" tests="1" skipped="0" failures="0" errors="0" timestamp="2021-05-26T13:32:25" hostname="AMAC02XR4LHJG5M" time="0.001">
  <properties/>
  <testcase name="addition_isCorrect" classname="com.shayanne.feature.ExampleUnitTest" time="0.001"/>
  <system-out><![CDATA[]]></system-out>
  <system-err><![CDATA[]]></system-err>
</testsuite>
